  Astroid.cpp
  Bullet.cpp
  Player.cpp
C:\Users\panda\source\repos\cosmic-crash\BUAS_Intake2025_DjangoVanLeeuwaarden\src\entities\Player.cpp(8,67): warning C4244: 'argument': conversion from 'T' to 'float', possible loss of data
C:\Users\panda\source\repos\cosmic-crash\BUAS_Intake2025_DjangoVanLeeuwaarden\src\entities\Player.cpp(8,67): warning C4244:         with
C:\Users\panda\source\repos\cosmic-crash\BUAS_Intake2025_DjangoVanLeeuwaarden\src\entities\Player.cpp(8,67): warning C4244:         [
C:\Users\panda\source\repos\cosmic-crash\BUAS_Intake2025_DjangoVanLeeuwaarden\src\entities\Player.cpp(8,67): warning C4244:             T=unsigned int
C:\Users\panda\source\repos\cosmic-crash\BUAS_Intake2025_DjangoVanLeeuwaarden\src\entities\Player.cpp(8,67): warning C4244:         ]
C:\Users\panda\source\repos\cosmic-crash\BUAS_Intake2025_DjangoVanLeeuwaarden\src\entities\Player.cpp(8,42): warning C4244: 'argument': conversion from 'T' to 'float', possible loss of data
C:\Users\panda\source\repos\cosmic-crash\BUAS_Intake2025_DjangoVanLeeuwaarden\src\entities\Player.cpp(8,42): warning C4244:         with
C:\Users\panda\source\repos\cosmic-crash\BUAS_Intake2025_DjangoVanLeeuwaarden\src\entities\Player.cpp(8,42): warning C4244:         [
C:\Users\panda\source\repos\cosmic-crash\BUAS_Intake2025_DjangoVanLeeuwaarden\src\entities\Player.cpp(8,42): warning C4244:             T=unsigned int
C:\Users\panda\source\repos\cosmic-crash\BUAS_Intake2025_DjangoVanLeeuwaarden\src\entities\Player.cpp(8,42): warning C4244:         ]
  PowerUp.cpp
  Game.cpp
  main.cpp
  MainMenu.cpp
  Generating code
  288 of 416 functions (69.2%) were compiled, the rest were copied from previous compilation.
    91 functions were new in current compilation
    29 functions had inline decision re-evaluated but remain unchanged
  Finished generating code
  BUAS_Intake2025_DjangoVanLeeuwaarden.vcxproj -> C:\Users\panda\Source\Repos\cosmic-crash\x64\Release\BUAS_Intake2025_DjangoVanLeeuwaarden.exe
